Arguments: 
  /opt/nodes/8.6.0/bin/node /opt/boxen/homebrew/Cellar/yarn/1.5.1_1/libexec/bin/yarn.js teoc

PATH: 
  /opt/boxen/nodenv/versions/8.6.0/bin:/opt/boxen/nodenv/libexec:/Users/slavik/Library/Python/2.7/bin:/Users/slavik/.yarn/bin:/Users/slavik/.opam/system/bin:/Users/slavik/.cargo/bin:/usr/local/heroku/bin:bin:/opt/boxen/rbenv/shims:/opt/boxen/rbenv/bin:/opt/boxen/ruby-build/bin:/opt/boxen/nodenv/shims:/opt/boxen/nodenv/bin:/opt/boxen/node-build/bin:/opt/boxen/homebrew/bin:/opt/boxen/homebrew/sbin:/opt/boxen/bin:/usr/local/bin:/usr/bin:/bin:/usr/sbin:/sbin:/opt/X11/bin:/usr/local/sbin:/usr/local/bin:/usr/sbin:/usr/bin:/sbin:/bin:/usr/games:/usr/local/games:/Users/slavik/.rsvm/current/dist/bin

Yarn version: 
  1.5.1

Node version: 
  8.6.0

Platform: 
  darwin x64

npm manifest: 
  {
    "name": "package.json",
    "version": "1.0.0",
    "description": "Original version of this document copied from [yarnpkg](https://yarnpkg.com/lang/en/docs/package-json/).",
    "main": "index.js",
    "scripts": {
      "toc": "markdown-toc -i --maxdepth 3 README.md"
    },
    "repository": {
      "type": "git",
      "url": "git+https://github.com/stereobooster/package.json.git"
    },
    "author": "",
    "license": "MIT",
    "bugs": {
      "url": "https://github.com/stereobooster/package.json/issues"
    },
    "homepage": "https://github.com/stereobooster/package.json#readme",
    "dependencies": {
      "markdown-toc": "^1.2.0"
    }
  }

yarn manifest: 
  No manifest

Lockfile: 
  No lockfile

Trace: 
  Error: Command "teoc" not found. Did you mean "toc"?
      at new MessageError (/opt/boxen/homebrew/Cellar/yarn/1.5.1_1/libexec/lib/cli.js:186:110)
      at /opt/boxen/homebrew/Cellar/yarn/1.5.1_1/libexec/lib/cli.js:87307:17
      at Generator.next (<anonymous>)
      at step (/opt/boxen/homebrew/Cellar/yarn/1.5.1_1/libexec/lib/cli.js:98:30)
      at /opt/boxen/homebrew/Cellar/yarn/1.5.1_1/libexec/lib/cli.js:116:14
      at Promise (<anonymous>)
      at F (/opt/boxen/homebrew/Cellar/yarn/1.5.1_1/libexec/lib/cli.js:23451:28)
      at /opt/boxen/homebrew/Cellar/yarn/1.5.1_1/libexec/lib/cli.js:95:12
      at runCommand (/opt/boxen/homebrew/Cellar/yarn/1.5.1_1/libexec/lib/cli.js:87312:22)
      at Object.<anonymous> (/opt/boxen/homebrew/Cellar/yarn/1.5.1_1/libexec/lib/cli.js:87412:14)
